1650684487.968372 client started (2786124): version 3.1c, socket /tmp/tmux-1026/default, protocol 8
1650684487.968411 on Linux 5.13.0-39-generic #44-Ubuntu SMP Thu Mar 24 15:35:05 UTC 2022; libevent 2.1.12-stable (poll)
1650684487.968431 socket is /tmp/tmux-1026/default
1650684487.968443 trying connect
1650684487.968503 add peer 0x559e746e7520: 6 ((nil))
1650684487.968620 sending message 100 to peer 0x559e746e7520 (4 bytes)
1650684487.968628 sending message 101 to peer 0x559e746e7520 (14 bytes)
1650684487.968633 sending message 102 to peer 0x559e746e7520 (12 bytes)
1650684487.968638 sending message 108 to peer 0x559e746e7520 (21 bytes)
1650684487.968643 sending message 104 to peer 0x559e746e7520 (0 bytes)
1650684487.968648 sending message 107 to peer 0x559e746e7520 (4 bytes)
1650684487.968653 sending message 105 to peer 0x559e746e7520 (24 bytes)
1650684487.968658 sending message 105 to peer 0x559e746e7520 (31 bytes)
1650684487.968663 sending message 105 to peer 0x559e746e7520 (35 bytes)
1650684487.968668 sending message 105 to peer 0x559e746e7520 (31 bytes)
1650684487.968673 sending message 105 to peer 0x559e746e7520 (39 bytes)
1650684487.968678 sending message 105 to peer 0x559e746e7520 (14 bytes)
1650684487.968683 sending message 105 to peer 0x559e746e7520 (12 bytes)
1650684487.968687 sending message 105 to peer 0x559e746e7520 (17 bytes)
1650684487.968692 sending message 105 to peer 0x559e746e7520 (21 bytes)
1650684487.968697 sending message 105 to peer 0x559e746e7520 (17 bytes)
1650684487.968702 sending message 105 to peer 0x559e746e7520 (35 bytes)
1650684487.968706 sending message 105 to peer 0x559e746e7520 (17 bytes)
1650684487.968711 sending message 105 to peer 0x559e746e7520 (19 bytes)
1650684487.968716 sending message 105 to peer 0x559e746e7520 (31 bytes)
1650684487.968720 sending message 105 to peer 0x559e746e7520 (41 bytes)
1650684487.968725 sending message 105 to peer 0x559e746e7520 (25 bytes)
1650684487.968730 sending message 105 to peer 0x559e746e7520 (25 bytes)
1650684487.968735 sending message 105 to peer 0x559e746e7520 (21 bytes)
1650684487.968779 sending message 105 to peer 0x559e746e7520 (21 bytes)
1650684487.968786 sending message 105 to peer 0x559e746e7520 (28 bytes)
1650684487.968792 sending message 105 to peer 0x559e746e7520 (21 bytes)
1650684487.968796 sending message 105 to peer 0x559e746e7520 (25 bytes)
1650684487.968801 sending message 105 to peer 0x559e746e7520 (14 bytes)
1650684487.968806 sending message 105 to peer 0x559e746e7520 (1519 bytes)
1650684487.968813 sending message 105 to peer 0x559e746e7520 (21 bytes)
1650684487.968818 sending message 105 to peer 0x559e746e7520 (24 bytes)
1650684487.968823 sending message 105 to peer 0x559e746e7520 (19 bytes)
1650684487.968828 sending message 105 to peer 0x559e746e7520 (11 bytes)
1650684487.968833 sending message 105 to peer 0x559e746e7520 (457 bytes)
1650684487.968838 sending message 105 to peer 0x559e746e7520 (25 bytes)
1650684487.968843 sending message 105 to peer 0x559e746e7520 (19 bytes)
1650684487.968848 sending message 105 to peer 0x559e746e7520 (8 bytes)
1650684487.968853 sending message 105 to peer 0x559e746e7520 (34 bytes)
1650684487.968858 sending message 105 to peer 0x559e746e7520 (46 bytes)
1650684487.968863 sending message 105 to peer 0x559e746e7520 (20 bytes)
1650684487.968868 sending message 105 to peer 0x559e746e7520 (38 bytes)
1650684487.968873 sending message 105 to peer 0x559e746e7520 (19 bytes)
1650684487.968878 sending message 105 to peer 0x559e746e7520 (19 bytes)
1650684487.968883 sending message 105 to peer 0x559e746e7520 (36 bytes)
1650684487.968888 sending message 105 to peer 0x559e746e7520 (14 bytes)
1650684487.968893 sending message 105 to peer 0x559e746e7520 (51 bytes)
1650684487.968898 sending message 105 to peer 0x559e746e7520 (21 bytes)
1650684487.968903 sending message 105 to peer 0x559e746e7520 (11 bytes)
1650684487.968908 sending message 105 to peer 0x559e746e7520 (12 bytes)
1650684487.968913 sending message 105 to peer 0x559e746e7520 (16 bytes)
1650684487.968918 sending message 105 to peer 0x559e746e7520 (11 bytes)
1650684487.968930 sending message 105 to peer 0x559e746e7520 (7 bytes)
1650684487.968936 sending message 105 to peer 0x559e746e7520 (29 bytes)
1650684487.968941 sending message 105 to peer 0x559e746e7520 (74 bytes)
1650684487.968946 sending message 105 to peer 0x559e746e7520 (39 bytes)
1650684487.968951 sending message 105 to peer 0x559e746e7520 (37 bytes)
1650684487.968956 sending message 105 to peer 0x559e746e7520 (34 bytes)
1650684487.968961 sending message 105 to peer 0x559e746e7520 (30 bytes)
1650684487.968966 sending message 105 to peer 0x559e746e7520 (28 bytes)
1650684487.968971 sending message 105 to peer 0x559e746e7520 (68 bytes)
1650684487.968976 sending message 105 to peer 0x559e746e7520 (53 bytes)
1650684487.968981 sending message 105 to peer 0x559e746e7520 (63 bytes)
1650684487.968986 sending message 105 to peer 0x559e746e7520 (42 bytes)
1650684487.968991 sending message 105 to peer 0x559e746e7520 (37 bytes)
1650684487.968996 sending message 105 to peer 0x559e746e7520 (29 bytes)
1650684487.969000 sending message 105 to peer 0x559e746e7520 (29 bytes)
1650684487.969005 sending message 105 to peer 0x559e746e7520 (76 bytes)
1650684487.969011 sending message 105 to peer 0x559e746e7520 (41 bytes)
1650684487.969015 sending message 105 to peer 0x559e746e7520 (55 bytes)
1650684487.969020 sending message 105 to peer 0x559e746e7520 (89 bytes)
1650684487.969025 sending message 105 to peer 0x559e746e7520 (50 bytes)
1650684487.969030 sending message 105 to peer 0x559e746e7520 (54 bytes)
1650684487.969035 sending message 105 to peer 0x559e746e7520 (56 bytes)
1650684487.969040 sending message 105 to peer 0x559e746e7520 (90 bytes)
1650684487.969045 sending message 105 to peer 0x559e746e7520 (51 bytes)
1650684487.969050 sending message 105 to peer 0x559e746e7520 (55 bytes)
1650684487.969055 sending message 105 to peer 0x559e746e7520 (32 bytes)
1650684487.969059 sending message 105 to peer 0x559e746e7520 (30 bytes)
1650684487.969064 sending message 105 to peer 0x559e746e7520 (55 bytes)
1650684487.969070 sending message 105 to peer 0x559e746e7520 (65 bytes)
1650684487.969074 sending message 105 to peer 0x559e746e7520 (44 bytes)
1650684487.969079 sending message 105 to peer 0x559e746e7520 (39 bytes)
1650684487.969084 sending message 105 to peer 0x559e746e7520 (75 bytes)
1650684487.969089 sending message 105 to peer 0x559e746e7520 (40 bytes)
1650684487.969094 sending message 105 to peer 0x559e746e7520 (54 bytes)
1650684487.969099 sending message 105 to peer 0x559e746e7520 (88 bytes)
1650684487.969104 sending message 105 to peer 0x559e746e7520 (49 bytes)
1650684487.969109 sending message 105 to peer 0x559e746e7520 (53 bytes)
1650684487.969114 sending message 105 to peer 0x559e746e7520 (55 bytes)
1650684487.969119 sending message 105 to peer 0x559e746e7520 (89 bytes)
1650684487.969123 sending message 105 to peer 0x559e746e7520 (50 bytes)
1650684487.969128 sending message 105 to peer 0x559e746e7520 (54 bytes)
1650684487.969133 sending message 105 to peer 0x559e746e7520 (59 bytes)
1650684487.969138 sending message 105 to peer 0x559e746e7520 (93 bytes)
1650684487.969143 sending message 105 to peer 0x559e746e7520 (54 bytes)
1650684487.969148 sending message 105 to peer 0x559e746e7520 (59 bytes)
1650684487.969153 sending message 105 to peer 0x559e746e7520 (93 bytes)
1650684487.969158 sending message 105 to peer 0x559e746e7520 (54 bytes)
1650684487.969163 sending message 105 to peer 0x559e746e7520 (31 bytes)
1650684487.969167 sending message 105 to peer 0x559e746e7520 (29 bytes)
1650684487.969172 sending message 105 to peer 0x559e746e7520 (52 bytes)
1650684487.969177 sending message 105 to peer 0x559e746e7520 (64 bytes)
1650684487.969182 sending message 105 to peer 0x559e746e7520 (43 bytes)
1650684487.969187 sending message 105 to peer 0x559e746e7520 (38 bytes)
1650684487.969191 sending message 105 to peer 0x559e746e7520 (25 bytes)
1650684487.969196 sending message 105 to peer 0x559e746e7520 (24 bytes)
1650684487.969201 sending message 105 to peer 0x559e746e7520 (11 bytes)
1650684487.969207 sending message 105 to peer 0x559e746e7520 (39 bytes)
1650684487.969216 sending message 105 to peer 0x559e746e7520 (75 bytes)
1650684487.969221 sending message 105 to peer 0x559e746e7520 (43 bytes)
1650684487.969226 sending message 105 to peer 0x559e746e7520 (38 bytes)
1650684487.969231 sending message 105 to peer 0x559e746e7520 (74 bytes)
1650684487.969236 sending message 105 to peer 0x559e746e7520 (42 bytes)
1650684487.969240 sending message 105 to peer 0x559e746e7520 (22 bytes)
1650684487.969245 sending message 105 to peer 0x559e746e7520 (36 bytes)
1650684487.969250 sending message 105 to peer 0x559e746e7520 (29 bytes)
1650684487.969255 sending message 105 to peer 0x559e746e7520 (30 bytes)
1650684487.969260 sending message 105 to peer 0x559e746e7520 (8 bytes)
1650684487.969265 sending message 105 to peer 0x559e746e7520 (25 bytes)
1650684487.969270 sending message 105 to peer 0x559e746e7520 (47 bytes)
1650684487.969275 sending message 105 to peer 0x559e746e7520 (71 bytes)
1650684487.969280 sending message 105 to peer 0x559e746e7520 (67 bytes)
1650684487.969285 sending message 105 to peer 0x559e746e7520 (42 bytes)
1650684487.969290 sending message 105 to peer 0x559e746e7520 (34 bytes)
1650684487.969294 sending message 105 to peer 0x559e746e7520 (36 bytes)
1650684487.969299 sending message 105 to peer 0x559e746e7520 (34 bytes)
1650684487.969304 sending message 105 to peer 0x559e746e7520 (35 bytes)
1650684487.969309 sending message 105 to peer 0x559e746e7520 (42 bytes)
1650684487.969314 sending message 105 to peer 0x559e746e7520 (41 bytes)
1650684487.969318 sending message 105 to peer 0x559e746e7520 (42 bytes)
1650684487.969323 sending message 105 to peer 0x559e746e7520 (40 bytes)
1650684487.969328 sending message 105 to peer 0x559e746e7520 (41 bytes)
1650684487.969333 sending message 105 to peer 0x559e746e7520 (48 bytes)
1650684487.969338 sending message 105 to peer 0x559e746e7520 (48 bytes)
1650684487.969343 sending message 105 to peer 0x559e746e7520 (44 bytes)
1650684487.969348 sending message 105 to peer 0x559e746e7520 (40 bytes)
1650684487.969353 sending message 105 to peer 0x559e746e7520 (38 bytes)
1650684487.969358 sending message 105 to peer 0x559e746e7520 (42 bytes)
1650684487.969362 sending message 105 to peer 0x559e746e7520 (48 bytes)
1650684487.969367 sending message 105 to peer 0x559e746e7520 (43 bytes)
1650684487.969372 sending message 105 to peer 0x559e746e7520 (39 bytes)
1650684487.969377 sending message 105 to peer 0x559e746e7520 (46 bytes)
1650684487.969382 sending message 105 to peer 0x559e746e7520 (46 bytes)
1650684487.969387 sending message 105 to peer 0x559e746e7520 (57 bytes)
1650684487.969391 sending message 105 to peer 0x559e746e7520 (42 bytes)
1650684487.969396 sending message 105 to peer 0x559e746e7520 (40 bytes)
1650684487.969401 sending message 105 to peer 0x559e746e7520 (42 bytes)
1650684487.969406 sending message 105 to peer 0x559e746e7520 (40 bytes)
1650684487.969411 sending message 105 to peer 0x559e746e7520 (41 bytes)
1650684487.969416 sending message 105 to peer 0x559e746e7520 (45 bytes)
1650684487.969421 sending message 105 to peer 0x559e746e7520 (51 bytes)
1650684487.969426 sending message 105 to peer 0x559e746e7520 (52 bytes)
1650684487.969430 sending message 105 to peer 0x559e746e7520 (49 bytes)
1650684487.969435 sending message 105 to peer 0x559e746e7520 (47 bytes)
1650684487.969440 sending message 105 to peer 0x559e746e7520 (48 bytes)
1650684487.969445 sending message 105 to peer 0x559e746e7520 (65 bytes)
1650684487.969450 sending message 105 to peer 0x559e746e7520 (65 bytes)
1650684487.969454 sending message 105 to peer 0x559e746e7520 (44 bytes)
1650684487.969459 sending message 105 to peer 0x559e746e7520 (40 bytes)
1650684487.969464 sending message 105 to peer 0x559e746e7520 (38 bytes)
1650684487.969469 sending message 105 to peer 0x559e746e7520 (39 bytes)
1650684487.969473 sending message 105 to peer 0x559e746e7520 (51 bytes)
1650684487.969478 sending message 105 to peer 0x559e746e7520 (46 bytes)
1650684487.969483 sending message 105 to peer 0x559e746e7520 (44 bytes)
1650684487.969488 sending message 105 to peer 0x559e746e7520 (48 bytes)
1650684487.969497 sending message 105 to peer 0x559e746e7520 (54 bytes)
1650684487.969502 sending message 105 to peer 0x559e746e7520 (49 bytes)
1650684487.969507 sending message 105 to peer 0x559e746e7520 (44 bytes)
1650684487.969512 sending message 105 to peer 0x559e746e7520 (58 bytes)
1650684487.969517 sending message 105 to peer 0x559e746e7520 (52 bytes)
1650684487.969521 sending message 105 to peer 0x559e746e7520 (63 bytes)
1650684487.969526 sending message 105 to peer 0x559e746e7520 (48 bytes)
1650684487.969531 sending message 105 to peer 0x559e746e7520 (47 bytes)
1650684487.969536 sending message 105 to peer 0x559e746e7520 (46 bytes)
1650684487.969552 sending message 105 to peer 0x559e746e7520 (49 bytes)
1650684487.969559 sending message 105 to peer 0x559e746e7520 (49 bytes)
1650684487.969564 sending message 105 to peer 0x559e746e7520 (49 bytes)
1650684487.969569 sending message 105 to peer 0x559e746e7520 (32 bytes)
1650684487.969573 sending message 105 to peer 0x559e746e7520 (48 bytes)
1650684487.969578 sending message 105 to peer 0x559e746e7520 (81 bytes)
1650684487.969583 sending message 105 to peer 0x559e746e7520 (93 bytes)
1650684487.969588 sending message 105 to peer 0x559e746e7520 (78 bytes)
1650684487.969593 sending message 105 to peer 0x559e746e7520 (90 bytes)
1650684487.969599 sending message 105 to peer 0x559e746e7520 (53 bytes)
1650684487.969604 sending message 105 to peer 0x559e746e7520 (23 bytes)
1650684487.969608 sending message 105 to peer 0x559e746e7520 (22 bytes)
1650684487.969613 sending message 105 to peer 0x559e746e7520 (74 bytes)
1650684487.969618 sending message 105 to peer 0x559e746e7520 (53 bytes)
1650684487.969623 sending message 105 to peer 0x559e746e7520 (61 bytes)
1650684487.969627 sending message 105 to peer 0x559e746e7520 (23 bytes)
1650684487.969632 sending message 105 to peer 0x559e746e7520 (54 bytes)
1650684487.969637 sending message 105 to peer 0x559e746e7520 (22 bytes)
1650684487.969642 sending message 105 to peer 0x559e746e7520 (66 bytes)
1650684487.969646 sending message 105 to peer 0x559e746e7520 (60 bytes)
1650684487.969651 sending message 105 to peer 0x559e746e7520 (70 bytes)
1650684487.969656 sending message 105 to peer 0x559e746e7520 (64 bytes)
1650684487.969661 sending message 105 to peer 0x559e746e7520 (94 bytes)
1650684487.969666 sending message 105 to peer 0x559e746e7520 (88 bytes)
1650684487.969671 sending message 105 to peer 0x559e746e7520 (68 bytes)
1650684487.969675 sending message 105 to peer 0x559e746e7520 (62 bytes)
1650684487.969680 sending message 105 to peer 0x559e746e7520 (66 bytes)
1650684487.969685 sending message 105 to peer 0x559e746e7520 (60 bytes)
1650684487.969690 sending message 105 to peer 0x559e746e7520 (64 bytes)
1650684487.969695 sending message 105 to peer 0x559e746e7520 (58 bytes)
1650684487.969699 sending message 105 to peer 0x559e746e7520 (74 bytes)
1650684487.969705 sending message 105 to peer 0x559e746e7520 (68 bytes)
1650684487.969710 sending message 105 to peer 0x559e746e7520 (27 bytes)
1650684487.969715 sending message 105 to peer 0x559e746e7520 (76 bytes)
1650684487.969719 sending message 105 to peer 0x559e746e7520 (18 bytes)
1650684487.969724 sending message 105 to peer 0x559e746e7520 (13 bytes)
1650684487.969729 sending message 105 to peer 0x559e746e7520 (42 bytes)
1650684487.969734 sending message 105 to peer 0x559e746e7520 (31 bytes)
1650684487.969739 sending message 105 to peer 0x559e746e7520 (36 bytes)
1650684487.969743 sending message 105 to peer 0x559e746e7520 (41 bytes)
1650684487.969748 sending message 105 to peer 0x559e746e7520 (36 bytes)
1650684487.969753 sending message 105 to peer 0x559e746e7520 (35 bytes)
1650684487.969758 sending message 105 to peer 0x559e746e7520 (57 bytes)
1650684487.969763 sending message 105 to peer 0x559e746e7520 (54 bytes)
1650684487.969767 sending message 105 to peer 0x559e746e7520 (68 bytes)
1650684487.969772 sending message 105 to peer 0x559e746e7520 (48 bytes)
1650684487.969777 sending message 105 to peer 0x559e746e7520 (42 bytes)
1650684487.969782 sending message 105 to peer 0x559e746e7520 (48 bytes)
1650684487.969791 sending message 105 to peer 0x559e746e7520 (57 bytes)
1650684487.969796 sending message 105 to peer 0x559e746e7520 (51 bytes)
1650684487.969801 sending message 105 to peer 0x559e746e7520 (68 bytes)
1650684487.969805 sending message 105 to peer 0x559e746e7520 (48 bytes)
1650684487.969810 sending message 105 to peer 0x559e746e7520 (42 bytes)
1650684487.969815 sending message 105 to peer 0x559e746e7520 (48 bytes)
1650684487.969820 sending message 105 to peer 0x559e746e7520 (66 bytes)
1650684487.969825 sending message 105 to peer 0x559e746e7520 (67 bytes)
1650684487.969829 sending message 105 to peer 0x559e746e7520 (61 bytes)
1650684487.969834 sending message 105 to peer 0x559e746e7520 (53 bytes)
1650684487.969839 sending message 105 to peer 0x559e746e7520 (46 bytes)
1650684487.969844 sending message 105 to peer 0x559e746e7520 (57 bytes)
1650684487.969848 sending message 105 to peer 0x559e746e7520 (73 bytes)
1650684487.969853 sending message 105 to peer 0x559e746e7520 (45 bytes)
1650684487.969858 sending message 105 to peer 0x559e746e7520 (40 bytes)
1650684487.969863 sending message 105 to peer 0x559e746e7520 (44 bytes)
1650684487.969868 sending message 105 to peer 0x559e746e7520 (44 bytes)
1650684487.969872 sending message 105 to peer 0x559e746e7520 (39 bytes)
1650684487.969877 sending message 105 to peer 0x559e746e7520 (43 bytes)
1650684487.969882 sending message 105 to peer 0x559e746e7520 (65 bytes)
1650684487.969887 sending message 105 to peer 0x559e746e7520 (65 bytes)
1650684487.969892 sending message 105 to peer 0x559e746e7520 (44 bytes)
1650684487.969897 sending message 105 to peer 0x559e746e7520 (43 bytes)
1650684487.969902 sending message 105 to peer 0x559e746e7520 (35 bytes)
1650684487.969907 sending message 105 to peer 0x559e746e7520 (39 bytes)
1650684487.969911 sending message 105 to peer 0x559e746e7520 (44 bytes)
1650684487.969916 sending message 105 to peer 0x559e746e7520 (84 bytes)
1650684487.969921 sending message 105 to peer 0x559e746e7520 (102 bytes)
1650684487.969926 sending message 105 to peer 0x559e746e7520 (51 bytes)
1650684487.969931 sending message 105 to peer 0x559e746e7520 (37 bytes)
1650684487.969936 sending message 105 to peer 0x559e746e7520 (40 bytes)
1650684487.969941 sending message 105 to peer 0x559e746e7520 (38 bytes)
1650684487.969945 sending message 105 to peer 0x559e746e7520 (41 bytes)
1650684487.969950 sending message 105 to peer 0x559e746e7520 (88 bytes)
1650684487.969955 sending message 105 to peer 0x559e746e7520 (60 bytes)
1650684487.969960 sending message 105 to peer 0x559e746e7520 (56 bytes)
1650684487.969965 sending message 105 to peer 0x559e746e7520 (87 bytes)
1650684487.969969 sending message 105 to peer 0x559e746e7520 (34 bytes)
1650684487.969974 sending message 105 to peer 0x559e746e7520 (48 bytes)
1650684487.969979 sending message 105 to peer 0x559e746e7520 (42 bytes)
1650684487.969984 sending message 105 to peer 0x559e746e7520 (115 bytes)
1650684487.969989 sending message 105 to peer 0x559e746e7520 (138 bytes)
1650684487.969994 sending message 105 to peer 0x559e746e7520 (59 bytes)
1650684487.969998 sending message 105 to peer 0x559e746e7520 (122 bytes)
1650684487.970003 sending message 105 to peer 0x559e746e7520 (116 bytes)
1650684487.970008 sending message 105 to peer 0x559e746e7520 (108 bytes)
1650684487.970013 sending message 105 to peer 0x559e746e7520 (138 bytes)
1650684487.970018 sending message 105 to peer 0x559e746e7520 (116 bytes)
1650684487.970023 sending message 105 to peer 0x559e746e7520 (78 bytes)
1650684487.970028 sending message 105 to peer 0x559e746e7520 (85 bytes)
1650684487.970033 sending message 105 to peer 0x559e746e7520 (58 bytes)
1650684487.970038 sending message 105 to peer 0x559e746e7520 (79 bytes)
1650684487.970043 sending message 105 to peer 0x559e746e7520 (122 bytes)
1650684487.970047 sending message 105 to peer 0x559e746e7520 (116 bytes)
1650684487.970052 sending message 105 to peer 0x559e746e7520 (110 bytes)
1650684487.970057 sending message 105 to peer 0x559e746e7520 (136 bytes)
1650684487.970062 sending message 105 to peer 0x559e746e7520 (117 bytes)
1650684487.970071 sending message 105 to peer 0x559e746e7520 (80 bytes)
1650684487.970076 sending message 105 to peer 0x559e746e7520 (86 bytes)
1650684487.970081 sending message 105 to peer 0x559e746e7520 (59 bytes)
1650684487.970086 sending message 105 to peer 0x559e746e7520 (81 bytes)
1650684487.970091 sending message 105 to peer 0x559e746e7520 (123 bytes)
1650684487.970096 sending message 105 to peer 0x559e746e7520 (117 bytes)
1650684487.970100 sending message 105 to peer 0x559e746e7520 (111 bytes)
1650684487.970105 sending message 105 to peer 0x559e746e7520 (137 bytes)
1650684487.970110 sending message 105 to peer 0x559e746e7520 (118 bytes)
1650684487.970115 sending message 105 to peer 0x559e746e7520 (82 bytes)
1650684487.970120 sending message 105 to peer 0x559e746e7520 (87 bytes)
1650684487.970124 sending message 105 to peer 0x559e746e7520 (60 bytes)
1650684487.970129 sending message 105 to peer 0x559e746e7520 (83 bytes)
1650684487.970134 sending message 105 to peer 0x559e746e7520 (124 bytes)
1650684487.970139 sending message 105 to peer 0x559e746e7520 (118 bytes)
1650684487.970144 sending message 105 to peer 0x559e746e7520 (112 bytes)
1650684487.970149 sending message 105 to peer 0x559e746e7520 (138 bytes)
1650684487.970154 sending message 105 to peer 0x559e746e7520 (114 bytes)
1650684487.970158 sending message 105 to peer 0x559e746e7520 (74 bytes)
1650684487.970163 sending message 105 to peer 0x559e746e7520 (83 bytes)
1650684487.970168 sending message 105 to peer 0x559e746e7520 (56 bytes)
1650684487.970173 sending message 105 to peer 0x559e746e7520 (75 bytes)
1650684487.970178 sending message 105 to peer 0x559e746e7520 (120 bytes)
1650684487.970198 sending message 105 to peer 0x559e746e7520 (114 bytes)
1650684487.970207 sending message 105 to peer 0x559e746e7520 (108 bytes)
1650684487.970213 sending message 105 to peer 0x559e746e7520 (134 bytes)
1650684487.970218 sending message 105 to peer 0x559e746e7520 (114 bytes)
1650684487.970223 sending message 105 to peer 0x559e746e7520 (81 bytes)
1650684487.970228 sending message 105 to peer 0x559e746e7520 (83 bytes)
1650684487.970233 sending message 105 to peer 0x559e746e7520 (56 bytes)
1650684487.970238 sending message 105 to peer 0x559e746e7520 (75 bytes)
1650684487.970244 sending message 105 to peer 0x559e746e7520 (120 bytes)
1650684487.970249 sending message 105 to peer 0x559e746e7520 (114 bytes)
1650684487.970254 sending message 105 to peer 0x559e746e7520 (108 bytes)
1650684487.970259 sending message 105 to peer 0x559e746e7520 (134 bytes)
1650684487.970264 sending message 105 to peer 0x559e746e7520 (121 bytes)
1650684487.970269 sending message 105 to peer 0x559e746e7520 (138 bytes)
1650684487.970274 sending message 105 to peer 0x559e746e7520 (90 bytes)
1650684487.970279 sending message 105 to peer 0x559e746e7520 (128 bytes)
1650684487.970284 sending message 105 to peer 0x559e746e7520 (125 bytes)
1650684487.970289 sending message 105 to peer 0x559e746e7520 (123 bytes)
1650684487.970294 sending message 105 to peer 0x559e746e7520 (70 bytes)
1650684487.970299 sending message 105 to peer 0x559e746e7520 (103 bytes)
1650684487.970304 sending message 105 to peer 0x559e746e7520 (134 bytes)
1650684487.970309 sending message 105 to peer 0x559e746e7520 (128 bytes)
1650684487.970314 sending message 105 to peer 0x559e746e7520 (122 bytes)
1650684487.970319 sending message 105 to peer 0x559e746e7520 (148 bytes)
1650684487.970324 sending message 105 to peer 0x559e746e7520 (63 bytes)
1650684487.970329 sending message 105 to peer 0x559e746e7520 (96 bytes)
1650684487.970334 sending message 105 to peer 0x559e746e7520 (127 bytes)
1650684487.970339 sending message 105 to peer 0x559e746e7520 (121 bytes)
1650684487.970344 sending message 105 to peer 0x559e746e7520 (115 bytes)
1650684487.970349 sending message 105 to peer 0x559e746e7520 (141 bytes)
1650684487.970354 sending message 105 to peer 0x559e746e7520 (115 bytes)
1650684487.970359 sending message 105 to peer 0x559e746e7520 (76 bytes)
1650684487.970367 sending message 105 to peer 0x559e746e7520 (84 bytes)
1650684487.970379 sending message 105 to peer 0x559e746e7520 (57 bytes)
1650684487.970384 sending message 105 to peer 0x559e746e7520 (77 bytes)
1650684487.970390 sending message 105 to peer 0x559e746e7520 (121 bytes)
1650684487.970395 sending message 105 to peer 0x559e746e7520 (115 bytes)
1650684487.970400 sending message 105 to peer 0x559e746e7520 (109 bytes)
1650684487.970405 sending message 105 to peer 0x559e746e7520 (135 bytes)
1650684487.970410 sending message 105 to peer 0x559e746e7520 (115 bytes)
1650684487.970415 sending message 105 to peer 0x559e746e7520 (117 bytes)
1650684487.970420 sending message 105 to peer 0x559e746e7520 (57 bytes)
1650684487.970425 sending message 105 to peer 0x559e746e7520 (77 bytes)
1650684487.970431 sending message 105 to peer 0x559e746e7520 (121 bytes)
1650684487.970436 sending message 105 to peer 0x559e746e7520 (115 bytes)
1650684487.970441 sending message 105 to peer 0x559e746e7520 (109 bytes)
1650684487.970446 sending message 105 to peer 0x559e746e7520 (137 bytes)
1650684487.970451 sending message 105 to peer 0x559e746e7520 (117 bytes)
1650684487.970456 sending message 105 to peer 0x559e746e7520 (80 bytes)
1650684487.970461 sending message 105 to peer 0x559e746e7520 (59 bytes)
1650684487.970466 sending message 105 to peer 0x559e746e7520 (81 bytes)
1650684487.970472 sending message 105 to peer 0x559e746e7520 (123 bytes)
1650684487.970477 sending message 105 to peer 0x559e746e7520 (117 bytes)
1650684487.970482 sending message 105 to peer 0x559e746e7520 (111 bytes)
1650684487.970487 sending message 105 to peer 0x559e746e7520 (69 bytes)
1650684487.970492 sending message 105 to peer 0x559e746e7520 (137 bytes)
1650684487.970497 sending message 105 to peer 0x559e746e7520 (95 bytes)
1650684487.970503 sending message 105 to peer 0x559e746e7520 (51 bytes)
1650684487.970508 sending message 105 to peer 0x559e746e7520 (37 bytes)
1650684487.970513 sending message 105 to peer 0x559e746e7520 (35 bytes)
1650684487.970518 sending message 105 to peer 0x559e746e7520 (67 bytes)
1650684487.970523 sending message 105 to peer 0x559e746e7520 (37 bytes)
1650684487.970528 sending message 105 to peer 0x559e746e7520 (36 bytes)
1650684487.970533 sending message 105 to peer 0x559e746e7520 (34 bytes)
1650684487.970538 sending message 105 to peer 0x559e746e7520 (37 bytes)
1650684487.970543 sending message 105 to peer 0x559e746e7520 (37 bytes)
1650684487.970548 sending message 105 to peer 0x559e746e7520 (41 bytes)
1650684487.970553 sending message 105 to peer 0x559e746e7520 (50 bytes)
1650684487.970558 sending message 105 to peer 0x559e746e7520 (57 bytes)
1650684487.970565 sending message 105 to peer 0x559e746e7520 (36 bytes)
1650684487.970570 sending message 105 to peer 0x559e746e7520 (48 bytes)
1650684487.970576 sending message 105 to peer 0x559e746e7520 (33 bytes)
1650684487.970581 sending message 105 to peer 0x559e746e7520 (40 bytes)
1650684487.970586 sending message 105 to peer 0x559e746e7520 (32 bytes)
1650684487.970590 sending message 105 to peer 0x559e746e7520 (43 bytes)
1650684487.970595 sending message 105 to peer 0x559e746e7520 (35 bytes)
1650684487.970600 sending message 105 to peer 0x559e746e7520 (74 bytes)
1650684487.970605 sending message 105 to peer 0x559e746e7520 (40 bytes)
1650684487.970610 sending message 105 to peer 0x559e746e7520 (37 bytes)
1650684487.970615 sending message 105 to peer 0x559e746e7520 (40 bytes)
1650684487.970620 sending message 105 to peer 0x559e746e7520 (37 bytes)
1650684487.970625 sending message 105 to peer 0x559e746e7520 (39 bytes)
1650684487.970630 sending message 105 to peer 0x559e746e7520 (65 bytes)
1650684487.970635 sending message 105 to peer 0x559e746e7520 (38 bytes)
1650684487.970640 sending message 105 to peer 0x559e746e7520 (38 bytes)
1650684487.970645 sending message 105 to peer 0x559e746e7520 (76 bytes)
1650684487.970649 sending message 105 to peer 0x559e746e7520 (71 bytes)
1650684487.970654 sending message 105 to peer 0x559e746e7520 (89 bytes)
1650684487.970659 sending message 105 to peer 0x559e746e7520 (60 bytes)
1650684487.970664 sending message 105 to peer 0x559e746e7520 (69 bytes)
1650684487.970674 sending message 105 to peer 0x559e746e7520 (40 bytes)
1650684487.970679 sending message 105 to peer 0x559e746e7520 (57 bytes)
1650684487.970684 sending message 105 to peer 0x559e746e7520 (45 bytes)
1650684487.970689 sending message 105 to peer 0x559e746e7520 (81 bytes)
1650684487.970694 sending message 105 to peer 0x559e746e7520 (41 bytes)
1650684487.970699 sending message 105 to peer 0x559e746e7520 (41 bytes)
1650684487.970704 sending message 105 to peer 0x559e746e7520 (50 bytes)
1650684487.970709 sending message 105 to peer 0x559e746e7520 (50 bytes)
1650684487.970714 sending message 105 to peer 0x559e746e7520 (69 bytes)
1650684487.970719 sending message 105 to peer 0x559e746e7520 (59 bytes)
1650684487.970724 sending message 105 to peer 0x559e746e7520 (44 bytes)
1650684487.970729 sending message 105 to peer 0x559e746e7520 (44 bytes)
1650684487.970734 sending message 105 to peer 0x559e746e7520 (42 bytes)
1650684487.970739 sending message 105 to peer 0x559e746e7520 (79 bytes)
1650684487.970744 sending message 105 to peer 0x559e746e7520 (42 bytes)
1650684487.970749 sending message 105 to peer 0x559e746e7520 (40 bytes)
1650684487.970754 sending message 105 to peer 0x559e746e7520 (39 bytes)
1650684487.970759 sending message 105 to peer 0x559e746e7520 (38 bytes)
1650684487.970764 sending message 105 to peer 0x559e746e7520 (47 bytes)
1650684487.970769 sending message 105 to peer 0x559e746e7520 (43 bytes)
1650684487.970774 sending message 105 to peer 0x559e746e7520 (37 bytes)
1650684487.970779 sending message 105 to peer 0x559e746e7520 (86 bytes)
1650684487.970784 sending message 105 to peer 0x559e746e7520 (28 bytes)
1650684487.970789 sending message 105 to peer 0x559e746e7520 (36 bytes)
1650684487.970794 sending message 105 to peer 0x559e746e7520 (60 bytes)
1650684487.970799 sending message 105 to peer 0x559e746e7520 (73 bytes)
1650684487.970804 sending message 105 to peer 0x559e746e7520 (62 bytes)
1650684487.970808 sending message 105 to peer 0x559e746e7520 (38 bytes)
1650684487.970813 sending message 105 to peer 0x559e746e7520 (75 bytes)
1650684487.970818 sending message 105 to peer 0x559e746e7520 (41 bytes)
1650684487.970823 sending message 105 to peer 0x559e746e7520 (51 bytes)
1650684487.970828 sending message 105 to peer 0x559e746e7520 (40 bytes)
1650684487.970833 sending message 105 to peer 0x559e746e7520 (26 bytes)
1650684487.970838 sending message 105 to peer 0x559e746e7520 (35 bytes)
1650684487.970843 sending message 105 to peer 0x559e746e7520 (66 bytes)
1650684487.970848 sending message 106 to peer 0x559e746e7520 (0 bytes)
1650684487.970854 sending message 200 to peer 0x559e746e7520 (4 bytes)
1650684487.970858 client loop enter
1650684487.973341 peer 0x559e746e7520 message 303
1650684487.973352 open write file 2 -
1650684487.973367 sending message 305 to peer 0x559e746e7520 (8 bytes)
1650684487.973598 peer 0x559e746e7520 message 304
1650684487.973608 write 58 to file 2
1650684487.973614 peer 0x559e746e7520 message 203
1650684487.973619 file 2 58 bytes left
1650684487.973640 client loop exit
